Godot Engine v4.1.stable.official (c) 2007-present Juan Linietsky, Ariel Manzur & Godot Contributors.
--- Debug adapter server started ---
--- GDScript language server started ---
  scene/resources/packed_scene.cpp:129 - Parent path './HBoxContainer/ChangeModeButtons/MarginContainer/VBoxContainer' for node 'PlungeButton' has vanished when instantiating: 'res://src/UserGameInterface/bottom_panel/BottomPanel.tscn'.
  scene/resources/packed_scene.cpp:129 - Parent path './HBoxContainer' for node 'Division1' has vanished when instantiating: 'res://src/UserGameInterface/bottom_panel/BottomPanel.tscn'.
  scene/resources/packed_scene.cpp:129 - Parent path './MarginContainer/HBoxContainer/CenterPanel' for node 'CenterContainer' has vanished when instantiating: 'res://src/UserGameInterface/bottom_panel/BottomPanel.tscn'.
  scene/resources/packed_scene.cpp:129 - Parent path './MarginContainer/HBoxContainer/CenterPanel/CenterContainer' for node 'Control' has vanished when instantiating: 'res://src/UserGameInterface/bottom_panel/BottomPanel.tscn'.
  scene/resources/packed_scene.cpp:129 - Parent path './MarginContainer/HBoxContainer/CenterPanel/CenterContainer/Control' for node 'CenterCameraButton' has vanished when instantiating: 'res://src/UserGameInterface/bottom_panel/BottomPanel.tscn'.
  scene/resources/packed_scene.cpp:129 - Parent path './MarginContainer/HBoxContainer/CenterPanel' for node 'Spacer' has vanished when instantiating: 'res://src/UserGameInterface/bottom_panel/BottomPanel.tscn'.
  scene/resources/packed_scene.cpp:129 - Parent path './MarginContainer/HBoxContainer/CenterPanel' for node 'Control2' has vanished when instantiating: 'res://src/UserGameInterface/bottom_panel/BottomPanel.tscn'.
  scene/resources/packed_scene.cpp:129 - Parent path './MarginContainer/HBoxContainer/CenterPanel/Control2' for node 'TimeScalePicker' has vanished when instantiating: 'res://src/UserGameInterface/bottom_panel/BottomPanel.tscn'.
  scene/resources/packed_scene.cpp:129 - Parent path './MarginContainer/HBoxContainer/CenterPanel/Control2/TimeScalePicker' for node 'Background' has vanished when instantiating: 'res://src/UserGameInterface/bottom_panel/BottomPanel.tscn'.
  scene/resources/packed_scene.cpp:129 - Parent path './MarginContainer/HBoxContainer/CenterPanel/Control2/TimeScalePicker' for node 'TimeScaleButtons' has vanished when instantiating: 'res://src/UserGameInterface/bottom_panel/BottomPanel.tscn'.
  scene/resources/packed_scene.cpp:129 - Parent path './MarginContainer/HBoxContainer/CenterPanel/Control2/TimeScalePicker/TimeScaleButtons' for node 'TimeScale1' has vanished when instantiating: 'res://src/UserGameInterface/bottom_panel/BottomPanel.tscn'.
  scene/resources/packed_scene.cpp:129 - Parent path './MarginContainer/HBoxContainer/CenterPanel/Control2/TimeScalePicker/TimeScaleButtons' for node 'TimeScale2' has vanished when instantiating: 'res://src/UserGameInterface/bottom_panel/BottomPanel.tscn'.
  scene/resources/packed_scene.cpp:129 - Parent path './MarginContainer/HBoxContainer/CenterPanel/Control2/TimeScalePicker/TimeScaleButtons' for node 'TimeScale3' has vanished when instantiating: 'res://src/UserGameInterface/bottom_panel/BottomPanel.tscn'.
  scene/resources/packed_scene.cpp:129 - Parent path './MarginContainer/HBoxContainer/CenterPanel/Control2/TimeScalePicker/TimeScaleButtons' for node 'TimeScale4' has vanished when instantiating: 'res://src/UserGameInterface/bottom_panel/BottomPanel.tscn'.
  scene/resources/packed_scene.cpp:129 - Parent path './MarginContainer/HBoxContainer/CenterPanel/Control2/TimeScalePicker/TimeScaleButtons' for node 'TimeScale5' has vanished when instantiating: 'res://src/UserGameInterface/bottom_panel/BottomPanel.tscn'.
  scene/resources/packed_scene.cpp:129 - Parent path './MarginContainer/HBoxContainer/CenterPanel/Control2/TimeScalePicker/TimeScaleButtons' for node 'TimeScale6' has vanished when instantiating: 'res://src/UserGameInterface/bottom_panel/BottomPanel.tscn'.
  scene/resources/packed_scene.cpp:129 - Parent path './HBoxContainer/VBoxContainer/BottomPanel/MarginContainer/HBoxContainer/CenterPanel/Control2/TimeScalePicker/TimeScaleButtons' for node 'TimeScale1' has vanished when instantiating: 'res://src/UserGameInterface/UserInterface.tscn'.
  scene/resources/packed_scene.cpp:182 - Node './TimeScale1' was modified from inside an instance, but it has vanished.
  scene/resources/packed_scene.cpp:129 - Parent path './HBoxContainer/VBoxContainer/BottomPanel/MarginContainer/HBoxContainer/CenterPanel/Control2/TimeScalePicker/TimeScaleButtons' for node 'TimeScale2' has vanished when instantiating: 'res://src/UserGameInterface/UserInterface.tscn'.
  scene/resources/packed_scene.cpp:182 - Node './TimeScale2' was modified from inside an instance, but it has vanished.
  scene/resources/packed_scene.cpp:129 - Parent path './HBoxContainer/VBoxContainer/BottomPanel/MarginContainer/HBoxContainer/CenterPanel/Control2/TimeScalePicker/TimeScaleButtons' for node 'TimeScale3' has vanished when instantiating: 'res://src/UserGameInterface/UserInterface.tscn'.
  scene/resources/packed_scene.cpp:182 - Node './TimeScale3' was modified from inside an instance, but it has vanished.
  scene/resources/packed_scene.cpp:129 - Parent path './HBoxContainer/VBoxContainer/BottomPanel/MarginContainer/HBoxContainer/CenterPanel/Control2/TimeScalePicker/TimeScaleButtons' for node 'TimeScale4' has vanished when instantiating: 'res://src/UserGameInterface/UserInterface.tscn'.
  scene/resources/packed_scene.cpp:182 - Node './TimeScale4' was modified from inside an instance, but it has vanished.
  scene/resources/packed_scene.cpp:129 - Parent path './HBoxContainer/VBoxContainer/BottomPanel/MarginContainer/HBoxContainer/CenterPanel/Control2/TimeScalePicker/TimeScaleButtons' for node 'TimeScale5' has vanished when instantiating: 'res://src/UserGameInterface/UserInterface.tscn'.
  scene/resources/packed_scene.cpp:182 - Node './TimeScale5' was modified from inside an instance, but it has vanished.
  scene/resources/packed_scene.cpp:129 - Parent path './HBoxContainer/VBoxContainer/BottomPanel/MarginContainer/HBoxContainer/CenterPanel/Control2/TimeScalePicker/TimeScaleButtons' for node 'TimeScale6' has vanished when instantiating: 'res://src/UserGameInterface/UserInterface.tscn'.
  scene/resources/packed_scene.cpp:182 - Node './TimeScale6' was modified from inside an instance, but it has vanished.
  Attempting to parent and popup a dialog that already has a parent.
  scene/resources/packed_scene.cpp:129 - Parent path './HBoxContainer/ChangeModeButtons/MarginContainer/VBoxContainer' for node 'PlungeButton' has vanished when instantiating: 'res://src/UserGameInterface/bottom_panel/BottomPanel.tscn'.
  scene/resources/packed_scene.cpp:129 - Parent path './HBoxContainer' for node 'Division1' has vanished when instantiating: 'res://src/UserGameInterface/bottom_panel/BottomPanel.tscn'.
  scene/resources/packed_scene.cpp:129 - Parent path './MarginContainer/HBoxContainer/CenterPanel' for node 'CenterContainer' has vanished when instantiating: 'res://src/UserGameInterface/bottom_panel/BottomPanel.tscn'.
  scene/resources/packed_scene.cpp:129 - Parent path './MarginContainer/HBoxContainer/CenterPanel/CenterContainer' for node 'Control' has vanished when instantiating: 'res://src/UserGameInterface/bottom_panel/BottomPanel.tscn'.
  scene/resources/packed_scene.cpp:129 - Parent path './MarginContainer/HBoxContainer/CenterPanel/CenterContainer/Control' for node 'CenterCameraButton' has vanished when instantiating: 'res://src/UserGameInterface/bottom_panel/BottomPanel.tscn'.
  scene/resources/packed_scene.cpp:129 - Parent path './MarginContainer/HBoxContainer/CenterPanel' for node 'Spacer' has vanished when instantiating: 'res://src/UserGameInterface/bottom_panel/BottomPanel.tscn'.
  scene/resources/packed_scene.cpp:129 - Parent path './MarginContainer/HBoxContainer/CenterPanel' for node 'Control2' has vanished when instantiating: 'res://src/UserGameInterface/bottom_panel/BottomPanel.tscn'.
  scene/resources/packed_scene.cpp:129 - Parent path './MarginContainer/HBoxContainer/CenterPanel/Control2' for node 'TimeScalePicker' has vanished when instantiating: 'res://src/UserGameInterface/bottom_panel/BottomPanel.tscn'.
  scene/resources/packed_scene.cpp:129 - Parent path './MarginContainer/HBoxContainer/CenterPanel/Control2/TimeScalePicker' for node 'Background' has vanished when instantiating: 'res://src/UserGameInterface/bottom_panel/BottomPanel.tscn'.
  Attempting to parent and popup a dialog that already has a parent.
  scene/resources/packed_scene.cpp:129 - Parent path './MarginContainer/HBoxContainer/CenterPanel/Control2/TimeScalePicker' for node 'TimeScaleButtons' has vanished when instantiating: 'res://src/UserGameInterface/bottom_panel/BottomPanel.tscn'.
  scene/resources/packed_scene.cpp:129 - Parent path './MarginContainer/HBoxContainer/CenterPanel/Control2/TimeScalePicker/TimeScaleButtons' for node 'TimeScale1' has vanished when instantiating: 'res://src/UserGameInterface/bottom_panel/BottomPanel.tscn'.
  scene/resources/packed_scene.cpp:129 - Parent path './MarginContainer/HBoxContainer/CenterPanel/Control2/TimeScalePicker/TimeScaleButtons' for node 'TimeScale2' has vanished when instantiating: 'res://src/UserGameInterface/bottom_panel/BottomPanel.tscn'.
  scene/resources/packed_scene.cpp:129 - Parent path './MarginContainer/HBoxContainer/CenterPanel/Control2/TimeScalePicker/TimeScaleButtons' for node 'TimeScale3' has vanished when instantiating: 'res://src/UserGameInterface/bottom_panel/BottomPanel.tscn'.
  scene/resources/packed_scene.cpp:129 - Parent path './MarginContainer/HBoxContainer/CenterPanel/Control2/TimeScalePicker/TimeScaleButtons' for node 'TimeScale4' has vanished when instantiating: 'res://src/UserGameInterface/bottom_panel/BottomPanel.tscn'.
  scene/resources/packed_scene.cpp:129 - Parent path './MarginContainer/HBoxContainer/CenterPanel/Control2/TimeScalePicker/TimeScaleButtons' for node 'TimeScale5' has vanished when instantiating: 'res://src/UserGameInterface/bottom_panel/BottomPanel.tscn'.
  scene/resources/packed_scene.cpp:129 - Parent path './MarginContainer/HBoxContainer/CenterPanel/Control2/TimeScalePicker/TimeScaleButtons' for node 'TimeScale6' has vanished when instantiating: 'res://src/UserGameInterface/bottom_panel/BottomPanel.tscn'.
  scene/resources/packed_scene.cpp:129 - Parent path './HBoxContainer/VBoxContainer/BottomPanel/MarginContainer/HBoxContainer/CenterPanel/Control2/TimeScalePicker/TimeScaleButtons' for node 'TimeScale1' has vanished when instantiating: 'res://src/UserGameInterface/UserInterface.tscn'.
  scene/resources/packed_scene.cpp:182 - Node './TimeScale1' was modified from inside an instance, but it has vanished.
  scene/resources/packed_scene.cpp:129 - Parent path './HBoxContainer/VBoxContainer/BottomPanel/MarginContainer/HBoxContainer/CenterPanel/Control2/TimeScalePicker/TimeScaleButtons' for node 'TimeScale2' has vanished when instantiating: 'res://src/UserGameInterface/UserInterface.tscn'.
  scene/resources/packed_scene.cpp:182 - Node './TimeScale2' was modified from inside an instance, but it has vanished.
  scene/resources/packed_scene.cpp:129 - Parent path './HBoxContainer/VBoxContainer/BottomPanel/MarginContainer/HBoxContainer/CenterPanel/Control2/TimeScalePicker/TimeScaleButtons' for node 'TimeScale3' has vanished when instantiating: 'res://src/UserGameInterface/UserInterface.tscn'.
  scene/resources/packed_scene.cpp:182 - Node './TimeScale3' was modified from inside an instance, but it has vanished.
  scene/resources/packed_scene.cpp:129 - Parent path './HBoxContainer/VBoxContainer/BottomPanel/MarginContainer/HBoxContainer/CenterPanel/Control2/TimeScalePicker/TimeScaleButtons' for node 'TimeScale4' has vanished when instantiating: 'res://src/UserGameInterface/UserInterface.tscn'.
  scene/resources/packed_scene.cpp:182 - Node './TimeScale4' was modified from inside an instance, but it has vanished.
  scene/resources/packed_scene.cpp:129 - Parent path './HBoxContainer/VBoxContainer/BottomPanel/MarginContainer/HBoxContainer/CenterPanel/Control2/TimeScalePicker/TimeScaleButtons' for node 'TimeScale5' has vanished when instantiating: 'res://src/UserGameInterface/UserInterface.tscn'.
  scene/resources/packed_scene.cpp:182 - Node './TimeScale5' was modified from inside an instance, but it has vanished.
  scene/resources/packed_scene.cpp:129 - Parent path './HBoxContainer/VBoxContainer/BottomPanel/MarginContainer/HBoxContainer/CenterPanel/Control2/TimeScalePicker/TimeScaleButtons' for node 'TimeScale6' has vanished when instantiating: 'res://src/UserGameInterface/UserInterface.tscn'.
  scene/resources/packed_scene.cpp:182 - Node './TimeScale6' was modified from inside an instance, but it has vanished.
  Attempting to parent and popup a dialog that already has a parent.
